<?xml version="1.0" encoding="UTF-8"?>
<!-- Generated by org.testng.reporters.JUnitReportReporter -->
<testsuite hostname="BCamp-DLiu" name="test.java.NewTest" tests="1" failures="0" timestamp="6 Jan 2016 21:39:19 GMT" time="6.100" errors="0">
  <testcase name="f" time="6.100" classname="test.java.NewTest"/>
</testsuite> <!-- test.java.NewTest -->
